2022-09-09 09:30:03,463 INFO c.j.l.LoggingExample [main] This is an info message
2022-09-09 09:30:03,466 WARN c.j.l.LoggingExample [main] This is a warn message
2022-09-09 09:30:03,466 ERROR c.j.l.LoggingExample [main] This is a error message
2022-09-09 09:30:03,467 ERROR c.j.l.LoggingExample [main] This is a error message, too.
2022-09-09 09:30:03,468 ERROR c.j.l.LoggingExample [main] Current log level is: INFO
2022-09-09 09:30:03,471 ERROR c.j.l.LoggingExample [main] Current log level is: ERROR
2022-09-09 09:30:03,472 ERROR c.j.l.LoggingExample [main] Current log level is: DEBUG
2022-09-09 09:30:03,472 ERROR c.j.l.LoggingExample [main] Current log level is: INFO
2022-09-09 09:32:38,875 INFO c.j.l.LoggingExample [main] This is an info message
2022-09-09 09:32:38,878 WARN c.j.l.LoggingExample [main] This is a warn message
2022-09-09 09:32:38,879 ERROR c.j.l.LoggingExample [main] This is a error message
2022-09-09 09:32:38,879 ERROR c.j.l.LoggingExample [main] This is a error message, too.
2022-09-09 09:32:38,883 ERROR c.j.l.LoggingExample [main] Current log level is: INFO
2022-09-09 09:32:38,889 ERROR c.j.l.LoggingExample [main] Current log level is: ERROR
2022-09-09 09:32:38,889 ERROR c.j.l.LoggingExample [main] Current log level is: DEBUG
2022-09-09 09:32:38,889 ERROR c.j.l.LoggingExample [main] Current log level is: INFO
2022-09-09 09:32:46,837 INFO c.j.l.LoggingExample [main] This is an info message
2022-09-09 09:32:46,840 WARN c.j.l.LoggingExample [main] This is a warn message
2022-09-09 09:32:46,841 ERROR c.j.l.LoggingExample [main] This is a error message
2022-09-09 09:32:46,841 ERROR c.j.l.LoggingExample [main] This is a error message, too.
2022-09-09 09:32:46,843 ERROR c.j.l.LoggingExample [main] Current log level is: INFO
2022-09-09 09:32:46,845 ERROR c.j.l.LoggingExample [main] Current log level is: ERROR
2022-09-09 09:32:46,846 ERROR c.j.l.LoggingExample [main] Current log level is: DEBUG
2022-09-09 09:32:46,846 ERROR c.j.l.LoggingExample [main] Current log level is: INFO
2022-09-09 09:32:58,194 INFO c.j.l.LoggingExample [main] This is an info message
2022-09-09 09:32:58,197 WARN c.j.l.LoggingExample [main] This is a warn message
2022-09-09 09:32:58,197 ERROR c.j.l.LoggingExample [main] This is a error message
2022-09-09 09:32:58,197 ERROR c.j.l.LoggingExample [main] This is a error message, too.
2022-09-09 09:32:58,198 ERROR c.j.l.LoggingExample [main] Current log level is: INFO
2022-09-09 09:32:58,200 ERROR c.j.l.LoggingExample [main] Current log level is: ERROR
2022-09-09 09:32:58,201 ERROR c.j.l.LoggingExample [main] Current log level is: DEBUG
2022-09-09 09:32:58,201 ERROR c.j.l.LoggingExample [main] Current log level is: INFO
2022-09-09 09:33:14,107 INFO c.j.l.LoggingExample [main] This is an info message
2022-09-09 09:33:14,110 WARN c.j.l.LoggingExample [main] This is a warn message
2022-09-09 09:33:14,110 ERROR c.j.l.LoggingExample [main] This is a error message
2022-09-09 09:33:14,110 ERROR c.j.l.LoggingExample [main] This is a error message, too.
2022-09-09 09:33:14,113 ERROR c.j.l.LoggingExample [main] Current log level is: INFO
2022-09-09 09:33:14,117 ERROR c.j.l.LoggingExample [main] Current log level is: ERROR
2022-09-09 09:33:14,118 ERROR c.j.l.LoggingExample [main] Current log level is: DEBUG
2022-09-09 09:33:14,118 ERROR c.j.l.LoggingExample [main] Current log level is: INFO
2022-09-09 09:34:48,790 INFO c.j.l.LoggingExample [main] This is an info message
2022-09-09 09:34:48,792 WARN c.j.l.LoggingExample [main] This is a warn message
2022-09-09 09:34:48,793 ERROR c.j.l.LoggingExample [main] This is a error message
2022-09-09 09:34:48,793 ERROR c.j.l.LoggingExample [main] This is a error message, too.
2022-09-09 09:34:48,794 ERROR c.j.l.LoggingExample [main] Current log level is: INFO
2022-09-09 09:34:48,796 ERROR c.j.l.LoggingExample [main] Current log level is: ERROR
2022-09-09 09:34:48,797 ERROR c.j.l.LoggingExample [main] Current log level is: DEBUG
2022-09-09 09:34:48,797 ERROR c.j.l.LoggingExample [main] Current log level is: INFO
2022-09-09 09:35:38,597 INFO c.j.l.LoggingExample [main] This is an info message
2022-09-09 09:35:38,601 WARN c.j.l.LoggingExample [main] This is a warn message
2022-09-09 09:35:38,602 ERROR c.j.l.LoggingExample [main] This is a error message
2022-09-09 09:35:38,602 ERROR c.j.l.LoggingExample [main] This is a error message, too.
2022-09-09 09:35:38,605 ERROR c.j.l.LoggingExample [main] Current log level is: INFO
2022-09-09 09:35:38,609 ERROR c.j.l.LoggingExample [main] Current log level is: ERROR
2022-09-09 09:35:38,609 ERROR c.j.l.LoggingExample [main] Current log level is: DEBUG
2022-09-09 09:35:38,610 ERROR c.j.l.LoggingExample [main] Current log level is: INFO
2022-09-09 09:35:53,396 INFO c.j.l.LoggingExample [main] This is an info message
2022-09-09 09:35:53,402 WARN c.j.l.LoggingExample [main] This is a warn message
2022-09-09 09:35:53,402 ERROR c.j.l.LoggingExample [main] This is a error message
2022-09-09 09:35:53,402 ERROR c.j.l.LoggingExample [main] This is a error message, too.
2022-09-09 09:35:53,405 ERROR c.j.l.LoggingExample [main] Current log level is: INFO
2022-09-09 09:35:53,409 ERROR c.j.l.LoggingExample [main] Current log level is: ERROR
2022-09-09 09:35:53,410 ERROR c.j.l.LoggingExample [main] Current log level is: DEBUG
2022-09-09 09:35:53,410 ERROR c.j.l.LoggingExample [main] Current log level is: INFO
